{
  "stats": {
    "suites": 1,
    "tests": 14,
    "passes": 0,
    "pending": 0,
    "failures": 14,
    "start": "2025-08-18T18:21:27.577Z",
    "end": "2025-08-18T18:24:48.455Z",
    "duration": 200878,
    "testsRegistered": 14,
    "passPercent": 0,
    "pendingPercent": 0,
    "other": 0,
    "hasOther": false,
    "skipped": 0,
    "hasSkipped": false
  },
  "results": [
    {
      "uuid": "999111d3-e3a9-47ec-9013-aebe7b8a957f",
      "title": "",
      "fullFile": "cypress\\e2e\\create_organization.cy.js",
      "file": "cypress\\e2e\\create_organization.cy.js",
      "beforeHooks": [],
      "afterHooks": [],
      "tests": [],
      "suites": [
        {
          "uuid": "f45a65bf-8688-4484-9116-8b9a706cfd01",
          "title": "Hydralytica v2 - Create Organization with Validations",
          "fullFile": "",
          "file": "",
          "beforeHooks": [],
          "afterHooks": [],
          "tests": [
            {
              "title": "creates a new organization with valid inputs",
              "fullTitle": "Hydralytica v2 - Create Organization with Validations creates a new organization with valid inputs",
              "timedOut": null,
              "duration": 31171,
              "state": "failed",
              "speed": null,
              "pass": false,
              "fail": true,
              "pending": false,
              "context": null,
              "code": "cy.get('input[name=\"name\"]').clear().type(uniqueOrgName);\ncy.get('select[aria-hidden=\"true\"]').eq(0).select('Corporate', {\n  force: true\n});\ncy.get('select[aria-hidden=\"true\"]').eq(1).find('option').contains('dynaCERT Inc.').then($option => {\n  cy.get('select[aria-hidden=\"true\"]').eq(1).select($option.attr('value'), {\n    force: true\n  });\n});\ncy.get('textarea[name=\"notes\"]').clear().type('Test org created by Cypress.');\n// Contact info\ncy.get('input[name=\"contactFields.contact\"]').clear().type(uniqueEmail);\ncy.get('textarea[name=\"contactFields.description\"]').clear().type('Main contact email.');\ncy.contains('button', 'Add').eq(0).click({\n  force: true\n});\n// Address info\ncy.get('input[name=\"addressFields.country\"]').clear().type('Canada');\ncy.get('input[name=\"addressFields.city\"]').clear().type('Toronto');\ncy.get('input[name=\"addressFields.address\"]').clear().type('123 Queen Street');\ncy.get('input[name=\"addressFields.zipCode\"]').clear().type('M5H 2N2');\ncy.get('input[name=\"addressFields.reference\"]').clear().type('Suite 500');\ncy.get('input[name=\"addressFields.description\"]').clear().type('Head office location.');\ncy.contains('div[data-slot=\"card-title\"]', 'Address').parents('[data-slot=\"card\"]').within(() => {\n  cy.contains('button', 'Add').click();\n});\ncy.contains('button', 'Create', {\n  timeout: 10000\n}).click();\ncy.contains(_successMessages.successMessages.create).should('be.visible');",
              "err": {
                "message": "AssertionError: Timed out retrying after 4000ms: Expected to find content: 'Created successfully!' but never did.",
                "estack": "AssertionError: Timed out retrying after 4000ms: Expected to find content: 'Created successfully!' but never did.\n    at Context.eval (webpack://hydralytica-tests/./cypress/e2e/create_organization.cy.js:54:40)",
                "diff": null
              },
              "uuid": "35a2185e-a5f5-4de9-a2e4-f4a54c136f4f",
              "parentUUID": "f45a65bf-8688-4484-9116-8b9a706cfd01",
              "isHook": false,
              "skipped": false
            },
            {
              "title": "shows error when required fields are empty",
              "fullTitle": "Hydralytica v2 - Create Organization with Validations shows error when required fields are empty",
              "timedOut": null,
              "duration": 9855,
              "state": "failed",
              "speed": null,
              "pass": false,
              "fail": true,
              "pending": false,
              "context": null,
              "code": "cy.get('input[name=\"name\"]').clear().blur();\ncy.contains(_errorMessages.validationErrors.required).should('be.visible');\ncy.get('input[name=\"contactFields.contact\"]').clear().blur();\ncy.contains(_errorMessages.validationErrors.required).should('be.visible');",
              "err": {
                "message": "AssertionError: Timed out retrying after 4000ms: Expected to find content: 'This field is required' but never did.",
                "estack": "AssertionError: Timed out retrying after 4000ms: Expected to find content: 'This field is required' but never did.\n    at Context.eval (webpack://hydralytica-tests/./cypress/e2e/create_organization.cy.js:60:43)",
                "diff": null
              },
              "uuid": "31b44101-ecd1-4bde-99d6-9e0abd98d884",
              "parentUUID": "f45a65bf-8688-4484-9116-8b9a706cfd01",
              "isHook": false,
              "skipped": false
            },
            {
              "title": "shows error when org name is too long",
              "fullTitle": "Hydralytica v2 - Create Organization with Validations shows error when org name is too long",
              "timedOut": null,
              "duration": 38078,
              "state": "failed",
              "speed": null,
              "pass": false,
              "fail": true,
              "pending": false,
              "context": null,
              "code": "cy.get('input[name=\"name\"]').clear().type('A'.repeat(256)).blur();\ncy.contains(_errorMessages.validationErrors.tooLong).should('be.visible');",
              "err": {
                "message": "AssertionError: Timed out retrying after 4000ms: Expected to find content: 'Input is too long' but never did.",
                "estack": "AssertionError: Timed out retrying after 4000ms: Expected to find content: 'Input is too long' but never did.\n    at Context.eval (webpack://hydralytica-tests/./cypress/e2e/create_organization.cy.js:69:42)",
                "diff": null
              },
              "uuid": "ba47848f-009b-4391-bb1d-65508db7a109",
              "parentUUID": "f45a65bf-8688-4484-9116-8b9a706cfd01",
              "isHook": false,
              "skipped": false
            },
            {
              "title": "shows error when org name is too short",
              "fullTitle": "Hydralytica v2 - Create Organization with Validations shows error when org name is too short",
              "timedOut": null,
              "duration": 9069,
              "state": "failed",
              "speed": null,
              "pass": false,
              "fail": true,
              "pending": false,
              "context": null,
              "code": "cy.get('input[name=\"name\"]').clear().type('A').blur();\ncy.contains(_errorMessages.validationErrors.required).should('be.visible'); // reuse required error",
              "err": {
                "message": "AssertionError: Timed out retrying after 4000ms: Expected to find content: 'This field is required' but never did.",
                "estack": "AssertionError: Timed out retrying after 4000ms: Expected to find content: 'This field is required' but never did.\n    at Context.eval (webpack://hydralytica-tests/./cypress/e2e/create_organization.cy.js:75:43)",
                "diff": null
              },
              "uuid": "03209654-69c0-48a9-aae9-fcc996edb766",
              "parentUUID": "f45a65bf-8688-4484-9116-8b9a706cfd01",
              "isHook": false,
              "skipped": false
            },
            {
              "title": "rejects SQL injection attempt in organization name",
              "fullTitle": "Hydralytica v2 - Create Organization with Validations rejects SQL injection attempt in organization name",
              "timedOut": null,
              "duration": 11052,
              "state": "failed",
              "speed": null,
              "pass": false,
              "fail": true,
              "pending": false,
              "context": null,
              "code": "cy.get('input[name=\"name\"]').clear().type(\"' OR 1=1 --\").blur();\ncy.contains(_errorMessages.validationErrors.required).should('be.visible');",
              "err": {
                "message": "AssertionError: Timed out retrying after 4000ms: Expected to find content: 'This field is required' but never did.",
                "estack": "AssertionError: Timed out retrying after 4000ms: Expected to find content: 'This field is required' but never did.\n    at Context.eval (webpack://hydralytica-tests/./cypress/e2e/create_organization.cy.js:81:43)",
                "diff": null
              },
              "uuid": "e3d5d98e-6bcf-4215-9145-232aec70adf1",
              "parentUUID": "f45a65bf-8688-4484-9116-8b9a706cfd01",
              "isHook": false,
              "skipped": false
            },
            {
              "title": "rejects XSS attempt in notes field",
              "fullTitle": "Hydralytica v2 - Create Organization with Validations rejects XSS attempt in notes field",
              "timedOut": null,
              "duration": 13119,
              "state": "failed",
              "speed": null,
              "pass": false,
              "fail": true,
              "pending": false,
              "context": null,
              "code": "cy.get('textarea[name=\"notes\"]').clear().type(\"<script>alert('xss')</script>\").blur();\ncy.contains(_errorMessages.validationErrors.required).should('be.visible');",
              "err": {
                "message": "AssertionError: Timed out retrying after 4000ms: Expected to find content: 'This field is required' but never did.",
                "estack": "AssertionError: Timed out retrying after 4000ms: Expected to find content: 'This field is required' but never did.\n    at Context.eval (webpack://hydralytica-tests/./cypress/e2e/create_organization.cy.js:87:43)",
                "diff": null
              },
              "uuid": "ee851a39-ebff-4920-8023-795ed6ac526a",
              "parentUUID": "f45a65bf-8688-4484-9116-8b9a706cfd01",
              "isHook": false,
              "skipped": false
            },
            {
              "title": "shows error when email is invalid: plainaddress",
              "fullTitle": "Hydralytica v2 - Create Organization with Validations shows error when email is invalid: plainaddress",
              "timedOut": null,
              "duration": 9816,
              "state": "failed",
              "speed": null,
              "pass": false,
              "fail": true,
              "pending": false,
              "context": null,
              "code": "cy.get('input[name=\"contactFields.contact\"]').clear().type(email).blur();\ncy.contains(_errorMessages.validationErrors.email).should('be.visible');",
              "err": {
                "message": "AssertionError: Timed out retrying after 4000ms: Expected to find content: 'Please enter a valid email address' but never did.",
                "estack": "AssertionError: Timed out retrying after 4000ms: Expected to find content: 'Please enter a valid email address' but never did.\n    at Context.eval (webpack://hydralytica-tests/./cypress/e2e/create_organization.cy.js:102:42)",
                "diff": null
              },
              "uuid": "9b7e6c08-7c5c-41bc-a5f5-675427fcacd0",
              "parentUUID": "f45a65bf-8688-4484-9116-8b9a706cfd01",
              "isHook": false,
              "skipped": false
            },
            {
              "title": "shows error when email is invalid: @missingusername.com",
              "fullTitle": "Hydralytica v2 - Create Organization with Validations shows error when email is invalid: @missingusername.com",
              "timedOut": null,
              "duration": 9351,
              "state": "failed",
              "speed": null,
              "pass": false,
              "fail": true,
              "pending": false,
              "context": null,
              "code": "cy.get('input[name=\"contactFields.contact\"]').clear().type(email).blur();\ncy.contains(_errorMessages.validationErrors.email).should('be.visible');",
              "err": {
                "message": "AssertionError: Timed out retrying after 4000ms: Expected to find content: 'Please enter a valid email address' but never did.",
                "estack": "AssertionError: Timed out retrying after 4000ms: Expected to find content: 'Please enter a valid email address' but never did.\n    at Context.eval (webpack://hydralytica-tests/./cypress/e2e/create_organization.cy.js:102:42)",
                "diff": null
              },
              "uuid": "94425618-45ee-4908-9578-3bcff965721e",
              "parentUUID": "f45a65bf-8688-4484-9116-8b9a706cfd01",
              "isHook": false,
              "skipped": false
            },
            {
              "title": "shows error when email is invalid: username@.com",
              "fullTitle": "Hydralytica v2 - Create Organization with Validations shows error when email is invalid: username@.com",
              "timedOut": null,
              "duration": 9777,
              "state": "failed",
              "speed": null,
              "pass": false,
              "fail": true,
              "pending": false,
              "context": null,
              "code": "cy.get('input[name=\"contactFields.contact\"]').clear().type(email).blur();\ncy.contains(_errorMessages.validationErrors.email).should('be.visible');",
              "err": {
                "message": "AssertionError: Timed out retrying after 4000ms: Expected to find content: 'Please enter a valid email address' but never did.",
                "estack": "AssertionError: Timed out retrying after 4000ms: Expected to find content: 'Please enter a valid email address' but never did.\n    at Context.eval (webpack://hydralytica-tests/./cypress/e2e/create_organization.cy.js:102:42)",
                "diff": null
              },
              "uuid": "1daa512c-65c9-496f-8695-1eb516f9d0f4",
              "parentUUID": "f45a65bf-8688-4484-9116-8b9a706cfd01",
              "isHook": false,
              "skipped": false
            },
            {
              "title": "shows error when email is invalid: user name@example.com",
              "fullTitle": "Hydralytica v2 - Create Organization with Validations shows error when email is invalid: user name@example.com",
              "timedOut": null,
              "duration": 8739,
              "state": "failed",
              "speed": null,
              "pass": false,
              "fail": true,
              "pending": false,
              "context": null,
              "code": "cy.get('input[name=\"contactFields.contact\"]').clear().type(email).blur();\ncy.contains(_errorMessages.validationErrors.email).should('be.visible');",
              "err": {
                "message": "AssertionError: Timed out retrying after 4000ms: Expected to find content: 'Please enter a valid email address' but never did.",
                "estack": "AssertionError: Timed out retrying after 4000ms: Expected to find content: 'Please enter a valid email address' but never did.\n    at Context.eval (webpack://hydralytica-tests/./cypress/e2e/create_organization.cy.js:102:42)",
                "diff": null
              },
              "uuid": "09ccef36-66bd-4fd7-9c4e-504387d07ada",
              "parentUUID": "f45a65bf-8688-4484-9116-8b9a706cfd01",
              "isHook": false,
              "skipped": false
            },
            {
              "title": "shows error when email is invalid: username@example..com",
              "fullTitle": "Hydralytica v2 - Create Organization with Validations shows error when email is invalid: username@example..com",
              "timedOut": null,
              "duration": 9055,
              "state": "failed",
              "speed": null,
              "pass": false,
              "fail": true,
              "pending": false,
              "context": null,
              "code": "cy.get('input[name=\"contactFields.contact\"]').clear().type(email).blur();\ncy.contains(_errorMessages.validationErrors.email).should('be.visible');",
              "err": {
                "message": "AssertionError: Timed out retrying after 4000ms: Expected to find content: 'Please enter a valid email address' but never did.",
                "estack": "AssertionError: Timed out retrying after 4000ms: Expected to find content: 'Please enter a valid email address' but never did.\n    at Context.eval (webpack://hydralytica-tests/./cypress/e2e/create_organization.cy.js:102:42)",
                "diff": null
              },
              "uuid": "c6c23296-b237-4ed0-9789-cc8eec411166",
              "parentUUID": "f45a65bf-8688-4484-9116-8b9a706cfd01",
              "isHook": false,
              "skipped": false
            },
            {
              "title": "displays error message on server failure",
              "fullTitle": "Hydralytica v2 - Create Organization with Validations displays error message on server failure",
              "timedOut": null,
              "duration": 15439,
              "state": "failed",
              "speed": null,
              "pass": false,
              "fail": true,
              "pending": false,
              "context": null,
              "code": "cy.intercept('POST', '/organizations', {\n  statusCode: 500,\n  body: {\n    error: 'Internal Server Error'\n  }\n}).as('postOrgFail');\ncy.get('input[name=\"name\"]').clear().type(uniqueOrgName);\ncy.get('input[name=\"contactFields.contact\"]').clear().type(uniqueEmail);\ncy.get('select[aria-hidden=\"true\"]').eq(0).select('Corporate', {\n  force: true\n});\ncy.get('select[aria-hidden=\"true\"]').eq(1).find('option').contains('dynaCERT Inc.').then($option => {\n  cy.get('select[aria-hidden=\"true\"]').eq(1).select($option.attr('value'), {\n    force: true\n  });\n});\ncy.contains('button', 'Create').click();\ncy.wait('@postOrgFail');\ncy.contains(_errorMessages.statusErrors.create).should('be.visible');",
              "err": {
                "message": "CypressError: Timed out retrying after 5000ms: `cy.wait()` timed out waiting `5000ms` for the 1st request to the route: `postOrgFail`. No request ever occurred.\n\nhttps://on.cypress.io/wait",
                "estack": "CypressError: Timed out retrying after 5000ms: `cy.wait()` timed out waiting `5000ms` for the 1st request to the route: `postOrgFail`. No request ever occurred.\n\nhttps://on.cypress.io/wait\n    at cypressErr (https://staging.hydralytica.dynacert.com/__cypress/runner/cypress_runner.js:77535:18)\n    at Object.errByPath (https://staging.hydralytica.dynacert.com/__cypress/runner/cypress_runner.js:77589:10)\n    at checkForXhr (https://staging.hydralytica.dynacert.com/__cypress/runner/cypress_runner.js:138823:84)\n    at <unknown> (https://staging.hydralytica.dynacert.com/__cypress/runner/cypress_runner.js:138849:28)\n    at tryCatcher (https://staging.hydralytica.dynacert.com/__cypress/runner/cypress_runner.js:1777:23)\n    at Promise.attempt.Promise.try (https://staging.hydralytica.dynacert.com/__cypress/runner/cypress_runner.js:4285:29)\n    at whenStable (https://staging.hydralytica.dynacert.com/__cypress/runner/cypress_runner.js:147205:68)\n    at <unknown> (https://staging.hydralytica.dynacert.com/__cypress/runner/cypress_runner.js:147146:14)\n    at tryCatcher (https://staging.hydralytica.dynacert.com/__cypress/runner/cypress_runner.js:1777:23)\n    at Promise._settlePromiseFromHandler (https://staging.hydralytica.dynacert.com/__cypress/runner/cypress_runner.js:1489:31)\n    at Promise._settlePromise (https://staging.hydralytica.dynacert.com/__cypress/runner/cypress_runner.js:1546:18)\n    at Promise._settlePromise0 (https://staging.hydralytica.dynacert.com/__cypress/runner/cypress_runner.js:1591:10)\n    at Promise._settlePromises (https://staging.hydralytica.dynacert.com/__cypress/runner/cypress_runner.js:1671:18)\n    at Promise._fulfill (https://staging.hydralytica.dynacert.com/__cypress/runner/cypress_runner.js:1615:18)\n    at <unknown> (https://staging.hydralytica.dynacert.com/__cypress/runner/cypress_runner.js:5420:46)",
                "diff": null
              },
              "uuid": "a9602cb5-2a45-4618-aab7-55f428ee6d05",
              "parentUUID": "f45a65bf-8688-4484-9116-8b9a706cfd01",
              "isHook": false,
              "skipped": false
            },
            {
              "title": "sets aria-invalid on empty required fields",
              "fullTitle": "Hydralytica v2 - Create Organization with Validations sets aria-invalid on empty required fields",
              "timedOut": null,
              "duration": 10623,
              "state": "failed",
              "speed": null,
              "pass": false,
              "fail": true,
              "pending": false,
              "context": null,
              "code": "cy.get('input[name=\"name\"]').clear().blur();\ncy.get('input[name=\"name\"]').should('have.attr', 'aria-invalid', 'true');\ncy.get('input[name=\"contactFields.contact\"]').clear().blur();\ncy.get('input[name=\"contactFields.contact\"]').should('have.attr', 'aria-invalid', 'true');",
              "err": {
                "message": "AssertionError: Timed out retrying after 4000ms: expected '<input#:Ropuuunlb:-form-item.border-input.file:text-foreground.placeholder:text-muted-foreground.selection:bg-primary.selection:text-primary-foreground.flex.h-9.w-full.min-w-0.rounded-md.border.bg-transparent.px-3.py-1.text-base.shadow-xs.transition-[color,box-shadow].outline-none.file:inline-flex.file:h-7.file:border-0.file:bg-transparent.file:text-sm.file:font-medium.disabled:pointer-events-none.disabled:cursor-not-allowed.disabled:opacity-50.md:text-sm.focus-visible:border-ring.focus-visible:ring-ring/50.focus-visible:ring-[3px].aria-invalid:ring-destructive/20.dark:aria-invalid:ring-destructive/40.aria-invalid:border-destructive>' to have attribute 'aria-invalid' with the value 'true', but the value was 'false'",
                "estack": "AssertionError: Timed out retrying after 4000ms: expected '<input#:Ropuuunlb:-form-item.border-input.file:text-foreground.placeholder:text-muted-foreground.selection:bg-primary.selection:text-primary-foreground.flex.h-9.w-full.min-w-0.rounded-md.border.bg-transparent.px-3.py-1.text-base.shadow-xs.transition-[color,box-shadow].outline-none.file:inline-flex.file:h-7.file:border-0.file:bg-transparent.file:text-sm.file:font-medium.disabled:pointer-events-none.disabled:cursor-not-allowed.disabled:opacity-50.md:text-sm.focus-visible:border-ring.focus-visible:ring-ring/50.focus-visible:ring-[3px].aria-invalid:ring-destructive/20.dark:aria-invalid:ring-destructive/40.aria-invalid:border-destructive>' to have attribute 'aria-invalid' with the value 'true', but the value was 'false'\n    at Context.eval (webpack://hydralytica-tests/./cypress/e2e/create_organization.cy.js:130:33)",
                "diff": "- 'false'\n+ 'true'\n"
              },
              "uuid": "0da81305-9f9c-4b34-9a11-2ccfae480744",
              "parentUUID": "f45a65bf-8688-4484-9116-8b9a706cfd01",
              "isHook": false,
              "skipped": false
            },
            {
              "title": "resets form when clicking Cancel",
              "fullTitle": "Hydralytica v2 - Create Organization with Validations resets form when clicking Cancel",
              "timedOut": null,
              "duration": 13232,
              "state": "failed",
              "speed": null,
              "pass": false,
              "fail": true,
              "pending": false,
              "context": null,
              "code": "cy.get('input[name=\"name\"]').clear().type('Temp Org');\ncy.get('input[name=\"contactFields.contact\"]').clear().type('temp@example.com');\ncy.contains('button', 'Cancel').click();\ncy.get('input[name=\"name\"]').should('have.value', '');\ncy.get('input[name=\"contactFields.contact\"]').should('have.value', '');",
              "err": {
                "message": "AssertionError: Timed out retrying after 4000ms: Expected to find element: `input[name=\"name\"]`, but never found it.",
                "estack": "AssertionError: Timed out retrying after 4000ms: Expected to find element: `input[name=\"name\"]`, but never found it.\n    at Context.eval (webpack://hydralytica-tests/./cypress/e2e/create_organization.cy.js:141:33)",
                "diff": null
              },
              "uuid": "7f8c24d3-4283-4e0a-865f-6a398fb2a74e",
              "parentUUID": "f45a65bf-8688-4484-9116-8b9a706cfd01",
              "isHook": false,
              "skipped": false
            }
          ],
          "suites": [],
          "passes": [],
          "failures": [
            "35a2185e-a5f5-4de9-a2e4-f4a54c136f4f",
            "31b44101-ecd1-4bde-99d6-9e0abd98d884",
            "ba47848f-009b-4391-bb1d-65508db7a109",
            "03209654-69c0-48a9-aae9-fcc996edb766",
            "e3d5d98e-6bcf-4215-9145-232aec70adf1",
            "ee851a39-ebff-4920-8023-795ed6ac526a",
            "9b7e6c08-7c5c-41bc-a5f5-675427fcacd0",
            "94425618-45ee-4908-9578-3bcff965721e",
            "1daa512c-65c9-496f-8695-1eb516f9d0f4",
            "09ccef36-66bd-4fd7-9c4e-504387d07ada",
            "c6c23296-b237-4ed0-9789-cc8eec411166",
            "a9602cb5-2a45-4618-aab7-55f428ee6d05",
            "0da81305-9f9c-4b34-9a11-2ccfae480744",
            "7f8c24d3-4283-4e0a-865f-6a398fb2a74e"
          ],
          "pending": [],
          "skipped": [],
          "duration": 198376,
          "root": false,
          "rootEmpty": false,
          "_timeout": 2000
        }
      ],
      "passes": [],
      "failures": [],
      "pending": [],
      "skipped": [],
      "duration": 0,
      "root": true,
      "rootEmpty": true,
      "_timeout": 2000
    }
  ],
  "meta": {
    "mocha": {
      "version": "7.2.0"
    },
    "mochawesome": {
      "options": {
        "quiet": false,
        "reportFilename": "mochawesome",
        "saveHtml": true,
        "saveJson": true,
        "consoleReporter": "spec",
        "useInlineDiffs": false,
        "code": true
      },
      "version": "7.1.3"
    },
    "marge": {
      "options": {
        "reportDir": "reports/create-organization reportFilename=create-organization overwrite=false json=true",
        "overwrite": false,
        "html": true,
        "json": true,
        "reportPageTitle": "User Form Test Report",
        "timestamp": "mmddyyyy_HHMMss"
      },
      "version": "6.2.0"
    }
  }
}