{
  "stats": {
    "suites": 1,
    "tests": 7,
    "passes": 2,
    "pending": 0,
    "failures": 5,
    "start": "2025-07-28T15:56:51.698Z",
    "end": "2025-07-28T15:57:53.182Z",
    "duration": 61484,
    "testsRegistered": 7,
    "passPercent": 28.57142857142857,
    "pendingPercent": 0,
    "other": 0,
    "hasOther": false,
    "skipped": 0,
    "hasSkipped": false
  },
  "results": [
    {
      "uuid": "6a98a148-30e0-4abc-8149-b02dbe9d62ff",
      "title": "",
      "fullFile": "cypress\\e2e\\edit_user.cy.js",
      "file": "cypress\\e2e\\edit_user.cy.js",
      "beforeHooks": [],
      "afterHooks": [],
      "tests": [],
      "suites": [
        {
          "uuid": "67bd516f-5b83-43f6-8011-32b546d576b1",
          "title": "Hydralytica v2 - Edit User Email and Address",
          "fullFile": "",
          "file": "",
          "beforeHooks": [],
          "afterHooks": [],
          "tests": [
            {
              "title": "End-to-end: Add, Update, and Delete Residential address (with validation checks)",
              "fullTitle": "Hydralytica v2 - Edit User Email and Address End-to-end: Add, Update, and Delete Residential address (with validation checks)",
              "timedOut": null,
              "duration": 13744,
              "state": "failed",
              "speed": null,
              "pass": false,
              "fail": true,
              "pending": false,
              "context": null,
              "code": "// --- Step 1: Add new Residential address ---\ncy.contains('button', 'Add').click();\ncy.get('input[name=\"addressFields.country\"]').clear().type(`Canada-${timestamp}`);\ncy.get('input[name=\"addressFields.city\"]').clear().type(`Toronto-${timestamp}`);\ncy.get('input[name=\"addressFields.address\"]').clear().type(`123 Cypress Street ${timestamp}`);\ncy.get('input[name=\"addressFields.zipCode\"]').clear().type('A1B2C3');\ncy.contains('button', 'Save').click();\ncy.waitForSuccessToast();\ncy.contains('td', `Canada-${timestamp}`).should('exist');\n// --- Step 2: Update that Residential address city ---\ncy.contains('td', 'Residential').parent('tr').find('button svg.lucide-pencil').parents('button').click();\ncy.get('input[name=\"addressFields.city\"]').clear().type(`UpdatedCity-${timestamp}`);\ncy.contains('button', 'Update').click();\ncy.waitForSuccessToast();\ncy.contains('td', `UpdatedCity-${timestamp}`).should('exist');\n// --- Step 3: Delete the Residential row ---\ncy.contains('td', 'Residential').parent('tr').find('button svg.lucide-trash').parents('button').click();\ncy.confirmModal();\ncy.contains('td', 'Residential').should('not.exist');",
              "err": {
                "message": "AssertionError: Timed out retrying after 4000ms: Expected to find content: 'Save' within the selector: 'button' but never did.",
                "estack": "AssertionError: Timed out retrying after 4000ms: Expected to find content: 'Save' within the selector: 'button' but never did.\n    at Context.eval (webpack://hydralytica-tests/./cypress/e2e/edit_user.cy.js:40:7)",
                "diff": null
              },
              "uuid": "cc42d72a-3c43-45e3-8dfb-08185f0b75c3",
              "parentUUID": "67bd516f-5b83-43f6-8011-32b546d576b1",
              "isHook": false,
              "skipped": false
            },
            {
              "title": "Validates client-side required fields (empty inputs)",
              "fullTitle": "Hydralytica v2 - Edit User Email and Address Validates client-side required fields (empty inputs)",
              "timedOut": null,
              "duration": 10694,
              "state": "failed",
              "speed": null,
              "pass": false,
              "fail": true,
              "pending": false,
              "context": null,
              "code": "cy.contains('td', 'Residential').parent('tr').find('button svg.lucide-pencil').parents('button').click();\ncy.get('input[name=\"addressFields.country\"]').clear().blur();\ncy.get('input[name=\"addressFields.city\"]').clear().blur();\ncy.get('input[name=\"addressFields.address\"]').clear().blur();\ncy.get('input[name=\"addressFields.country\"]').should('have.attr', 'aria-invalid', 'true');\ncy.get('input[name=\"addressFields.city\"]').should('have.attr', 'aria-invalid', 'true');\ncy.get('input[name=\"addressFields.address\"]').should('have.attr', 'aria-invalid', 'true');\ncy.contains('button', 'Update').should('be.disabled');",
              "err": {
                "message": "AssertionError: Timed out retrying after 4000ms: expected '<input#:r3t:-form-item.border-input.file:text-foreground.placeholder:text-muted-foreground.selection:bg-primary.selection:text-primary-foreground.flex.h-9.w-full.min-w-0.rounded-md.border.bg-transparent.px-3.py-1.text-base.shadow-xs.transition-[color,box-shadow].outline-none.file:inline-flex.file:h-7.file:border-0.file:bg-transparent.file:text-sm.file:font-medium.disabled:pointer-events-none.disabled:cursor-not-allowed.disabled:opacity-50.md:text-sm.focus-visible:border-ring.focus-visible:ring-ring/50.focus-visible:ring-[3px].aria-invalid:ring-destructive/20.dark:aria-invalid:ring-destructive/40.aria-invalid:border-destructive>' to have attribute 'aria-invalid' with the value 'true', but the value was 'false'",
                "estack": "AssertionError: Timed out retrying after 4000ms: expected '<input#:r3t:-form-item.border-input.file:text-foreground.placeholder:text-muted-foreground.selection:bg-primary.selection:text-primary-foreground.flex.h-9.w-full.min-w-0.rounded-md.border.bg-transparent.px-3.py-1.text-base.shadow-xs.transition-[color,box-shadow].outline-none.file:inline-flex.file:h-7.file:border-0.file:bg-transparent.file:text-sm.file:font-medium.disabled:pointer-events-none.disabled:cursor-not-allowed.disabled:opacity-50.md:text-sm.focus-visible:border-ring.focus-visible:ring-ring/50.focus-visible:ring-[3px].aria-invalid:ring-destructive/20.dark:aria-invalid:ring-destructive/40.aria-invalid:border-destructive>' to have attribute 'aria-invalid' with the value 'true', but the value was 'false'\n    at Context.eval (webpack://hydralytica-tests/./cypress/e2e/edit_user.cy.js:64:50)",
                "diff": "- 'false'\n+ 'true'\n"
              },
              "uuid": "8620f196-bf75-48f1-be9b-48eeabcf48e4",
              "parentUUID": "67bd516f-5b83-43f6-8011-32b546d576b1",
              "isHook": false,
              "skipped": false
            },
            {
              "title": "Validates invalid ZIP code (client-side)",
              "fullTitle": "Hydralytica v2 - Edit User Email and Address Validates invalid ZIP code (client-side)",
              "timedOut": null,
              "duration": 10196,
              "state": "failed",
              "speed": null,
              "pass": false,
              "fail": true,
              "pending": false,
              "context": null,
              "code": "cy.contains('td', 'Residential').parent('tr').find('button svg.lucide-pencil').parents('button').click();\ncy.get('input[name=\"addressFields.zipCode\"]').clear().type('###').blur();\ncy.get('input[name=\"addressFields.zipCode\"]').should('have.attr', 'aria-invalid', 'true');\ncy.contains('button', 'Update').should('be.disabled');",
              "err": {
                "message": "AssertionError: Timed out retrying after 4000ms: expected '<input#:r48:-form-item.border-input.file:text-foreground.placeholder:text-muted-foreground.selection:bg-primary.selection:text-primary-foreground.flex.h-9.w-full.min-w-0.rounded-md.border.bg-transparent.px-3.py-1.text-base.shadow-xs.transition-[color,box-shadow].outline-none.file:inline-flex.file:h-7.file:border-0.file:bg-transparent.file:text-sm.file:font-medium.disabled:pointer-events-none.disabled:cursor-not-allowed.disabled:opacity-50.md:text-sm.focus-visible:border-ring.focus-visible:ring-ring/50.focus-visible:ring-[3px].aria-invalid:ring-destructive/20.dark:aria-invalid:ring-destructive/40.aria-invalid:border-destructive>' to have attribute 'aria-invalid' with the value 'true', but the value was 'false'",
                "estack": "AssertionError: Timed out retrying after 4000ms: expected '<input#:r48:-form-item.border-input.file:text-foreground.placeholder:text-muted-foreground.selection:bg-primary.selection:text-primary-foreground.flex.h-9.w-full.min-w-0.rounded-md.border.bg-transparent.px-3.py-1.text-base.shadow-xs.transition-[color,box-shadow].outline-none.file:inline-flex.file:h-7.file:border-0.file:bg-transparent.file:text-sm.file:font-medium.disabled:pointer-events-none.disabled:cursor-not-allowed.disabled:opacity-50.md:text-sm.focus-visible:border-ring.focus-visible:ring-ring/50.focus-visible:ring-[3px].aria-invalid:ring-destructive/20.dark:aria-invalid:ring-destructive/40.aria-invalid:border-destructive>' to have attribute 'aria-invalid' with the value 'true', but the value was 'false'\n    at Context.eval (webpack://hydralytica-tests/./cypress/e2e/edit_user.cy.js:73:50)",
                "diff": "- 'false'\n+ 'true'\n"
              },
              "uuid": "8ac177a5-0ef7-440c-858b-6e45ddd07bfa",
              "parentUUID": "67bd516f-5b83-43f6-8011-32b546d576b1",
              "isHook": false,
              "skipped": false
            },
            {
              "title": "Changes Address Type (Residential → Billing)",
              "fullTitle": "Hydralytica v2 - Edit User Email and Address Changes Address Type (Residential → Billing)",
              "timedOut": null,
              "duration": 5893,
              "state": "failed",
              "speed": null,
              "pass": false,
              "fail": true,
              "pending": false,
              "context": null,
              "code": "cy.contains('td', 'Residential').parent('tr').find('button svg.lucide-pencil').parents('button').click();\ncy.get('button[role=\"combobox\"]').click();\ncy.get('select[aria-hidden=\"true\"] option').contains('Billing').then(option => {\n  cy.get('select[aria-hidden=\"true\"]').select(option.val());\n});\ncy.contains('button', 'Update').click();\ncy.waitForSuccessToast();\ncy.contains('td', 'Billing').should('exist');",
              "err": {
                "message": "CypressError: `cy.click()` can only be called on a single element. Your subject contained 4 elements. Pass `{ multiple: true }` if you want to serially click each element.\n\nhttps://on.cypress.io/click",
                "estack": "CypressError: `cy.click()` can only be called on a single element. Your subject contained 4 elements. Pass `{ multiple: true }` if you want to serially click each element.\n\nhttps://on.cypress.io/click\n    at mouseAction (https://hydralytica.com/__cypress/runner/cypress_runner.js:113980:68)\n    at Context.click (https://hydralytica.com/__cypress/runner/cypress_runner.js:114147:14)\n    at wrapped (https://hydralytica.com/__cypress/runner/cypress_runner.js:141532:19)\n    at <unknown> (https://hydralytica.com/__cypress/runner/cypress_runner.js:147477:15)\n    at tryCatcher (https://hydralytica.com/__cypress/runner/cypress_runner.js:1777:23)\n    at Promise._settlePromiseFromHandler (https://hydralytica.com/__cypress/runner/cypress_runner.js:1489:31)\n    at Promise._settlePromise (https://hydralytica.com/__cypress/runner/cypress_runner.js:1546:18)\n    at Promise._settlePromiseCtx (https://hydralytica.com/__cypress/runner/cypress_runner.js:1583:10)\n    at _drainQueueStep (https://hydralytica.com/__cypress/runner/cypress_runner.js:2381:12)\n    at _drainQueue (https://hydralytica.com/__cypress/runner/cypress_runner.js:2370:9)\n    at Async._drainQueues (https://hydralytica.com/__cypress/runner/cypress_runner.js:2386:5)\n    at Async.drainQueues (https://hydralytica.com/__cypress/runner/cypress_runner.js:2256:14)",
                "diff": null
              },
              "uuid": "4c35e927-2f5d-46a1-a850-20cabf494bfb",
              "parentUUID": "67bd516f-5b83-43f6-8011-32b546d576b1",
              "isHook": false,
              "skipped": false
            },
            {
              "title": "Sequentially updates two rows (timestamped)",
              "fullTitle": "Hydralytica v2 - Edit User Email and Address Sequentially updates two rows (timestamped)",
              "timedOut": null,
              "duration": 7664,
              "state": "passed",
              "speed": "medium",
              "pass": true,
              "fail": false,
              "pending": false,
              "context": null,
              "code": "cy.contains('td', 'Residential').parent('tr').find('button svg.lucide-pencil').parents('button').click();\ncy.get('input[name=\"addressFields.city\"]').clear().type(`Toronto-${timestamp}`);\ncy.contains('button', 'Update').click();\ncy.waitForSuccessToast();\ncy.contains('td', 'Business').parent('tr').find('button svg.lucide-pencil').parents('button').click();\ncy.get('input[name=\"addressFields.city\"]').clear().type(`New York-${timestamp}`);\ncy.contains('button', 'Update').click();\ncy.waitForSuccessToast();\ncy.contains('td', 'Residential').parent('tr').within(() => cy.contains(`Toronto-${timestamp}`));\ncy.contains('td', 'Business').parent('tr').within(() => cy.contains(`New York-${timestamp}`));",
              "err": {},
              "uuid": "5d242627-7cd7-4a97-bef5-2ba5274f3cc0",
              "parentUUID": "67bd516f-5b83-43f6-8011-32b546d576b1",
              "isHook": false,
              "skipped": false
            },
            {
              "title": "Sorts the Country column (asc & desc)",
              "fullTitle": "Hydralytica v2 - Edit User Email and Address Sorts the Country column (asc & desc)",
              "timedOut": null,
              "duration": 5929,
              "state": "failed",
              "speed": null,
              "pass": false,
              "fail": true,
              "pending": false,
              "context": null,
              "code": "cy.get('th').contains('Country').click();\ncy.get('tbody tr').then(rows => {\n  const countries = [...rows].map(r => r.cells[1].innerText);\n  expect(countries).to.deep.equal([...countries].sort());\n});\ncy.get('th').contains('Country').click();\ncy.get('tbody tr').then(rows => {\n  const countries = [...rows].map(r => r.cells[1].innerText);\n  expect(countries).to.deep.equal([...countries].sort().reverse());\n});",
              "err": {
                "message": "AssertionError: expected [ Array(3) ] to deeply equal [ Array(3) ]",
                "estack": "AssertionError: expected [ Array(3) ] to deeply equal [ Array(3) ]\n    at Context.eval (webpack://hydralytica-tests/./cypress/e2e/edit_user.cy.js:107:32)\n    at getRet (https://hydralytica.com/__cypress/runner/cypress_runner.js:120949:20)\n    at tryCatcher (https://hydralytica.com/__cypress/runner/cypress_runner.js:1777:23)\n    at Promise.attempt.Promise.try (https://hydralytica.com/__cypress/runner/cypress_runner.js:4285:29)",
                "diff": "- [ 'jane.doe.1753384104162@cypresstest.com', 'Canada', 'USA' ]\n+ [ 'Canada', 'USA', 'jane.doe.1753384104162@cypresstest.com' ]\n"
              },
              "uuid": "415252ee-3dae-415d-85a1-1d4fc3cef868",
              "parentUUID": "67bd516f-5b83-43f6-8011-32b546d576b1",
              "isHook": false,
              "skipped": false
            },
            {
              "title": "Cancels an edit (does not save)",
              "fullTitle": "Hydralytica v2 - Edit User Email and Address Cancels an edit (does not save)",
              "timedOut": null,
              "duration": 6737,
              "state": "passed",
              "speed": "medium",
              "pass": true,
              "fail": false,
              "pending": false,
              "context": null,
              "code": "cy.contains('td', 'Residential').parent('tr').find('button svg.lucide-pencil').parents('button').click();\ncy.get('input[name=\"addressFields.city\"]').clear().type(`ShouldNotSave-${timestamp}`);\ncy.contains('button', 'Cancel').click();\ncy.contains('td', 'Residential').parent('tr').within(() => {\n  cy.contains(`ShouldNotSave-${timestamp}`).should('not.exist');\n});",
              "err": {},
              "uuid": "b92395d0-fe41-4bb4-9944-3c5e52a70583",
              "parentUUID": "67bd516f-5b83-43f6-8011-32b546d576b1",
              "isHook": false,
              "skipped": false
            }
          ],
          "suites": [],
          "passes": [
            "5d242627-7cd7-4a97-bef5-2ba5274f3cc0",
            "b92395d0-fe41-4bb4-9944-3c5e52a70583"
          ],
          "failures": [
            "cc42d72a-3c43-45e3-8dfb-08185f0b75c3",
            "8620f196-bf75-48f1-be9b-48eeabcf48e4",
            "8ac177a5-0ef7-440c-858b-6e45ddd07bfa",
            "4c35e927-2f5d-46a1-a850-20cabf494bfb",
            "415252ee-3dae-415d-85a1-1d4fc3cef868"
          ],
          "pending": [],
          "skipped": [],
          "duration": 60857,
          "root": false,
          "rootEmpty": false,
          "_timeout": 2000
        }
      ],
      "passes": [],
      "failures": [],
      "pending": [],
      "skipped": [],
      "duration": 0,
      "root": true,
      "rootEmpty": true,
      "_timeout": 2000
    }
  ],
  "meta": {
    "mocha": {
      "version": "7.2.0"
    },
    "mochawesome": {
      "options": {
        "quiet": false,
        "reportFilename": "edit-user",
        "saveHtml": true,
        "saveJson": true,
        "consoleReporter": "spec",
        "useInlineDiffs": false,
        "code": true
      },
      "version": "7.1.3"
    },
    "marge": {
      "options": {
        "reportDir": "cypress/reports",
        "overwrite": false,
        "html": true,
        "json": true,
        "reportPageTitle": "User Form Test Report",
        "timestamp": "mmddyyyy_HHMMss",
        "reportFilename": "edit-user"
      },
      "version": "6.2.0"
    }
  }
}